#0 building with "default" instance using docker driver

#1 [internal] load build definition from Dockerfile
#1 transferring dockerfile: 6.31kB done
#1 DONE 0.1s

#2 [internal] load metadata for docker.io/arm64v8/ros:jazzy-ros-base-noble
#2 ...

#3 [auth] arm64v8/ros:pull token for registry-1.docker.io
#3 DONE 0.0s

#2 [internal] load metadata for docker.io/arm64v8/ros:jazzy-ros-base-noble
#2 DONE 2.6s

#4 [internal] load .dockerignore
#4 transferring context: 2B done
#4 DONE 0.1s

#5 [ 1/12] FROM docker.io/arm64v8/ros:jazzy-ros-base-noble@sha256:78d2f679e5c9a9e918bb71124af5db36abf19e02c5fe9d2f7183942a667c8f83
#5 resolve docker.io/arm64v8/ros:jazzy-ros-base-noble@sha256:78d2f679e5c9a9e918bb71124af5db36abf19e02c5fe9d2f7183942a667c8f83 0.1s done
#5 sha256:e9d14a70efd4b2e8d18c1570626c3ec9fb2300cd22500b852d76934e3329c61c 3.09kB / 3.09kB done
#5 sha256:78d2f679e5c9a9e918bb71124af5db36abf19e02c5fe9d2f7183942a667c8f83 1.69kB / 1.69kB done
#5 sha256:75906b0dbbabb024c7f890638530898ee5c0c44e20c5f9b2843574dc92ee4e4e 0B / 683.84kB 0.1s
#5 sha256:03b287413d0467a19930c71edc020bed272a216b8cdc89cfefd597f706cded24 5.62kB / 5.62kB done
#5 sha256:1f630473117188fe348ebdcf0da5e93138275af14007f15baf79967a365e647a 0B / 28.89MB 0.2s
#5 sha256:eb1f509c8e504eee35bdf2f7a4cbcc4941d472d9a497b7f511c549dc7c5b8a4e 0B / 3.56MB 0.2s
#5 sha256:75906b0dbbabb024c7f890638530898ee5c0c44e20c5f9b2843574dc92ee4e4e 683.84kB / 683.84kB 0.6s
#5 sha256:75906b0dbbabb024c7f890638530898ee5c0c44e20c5f9b2843574dc92ee4e4e 683.84kB / 683.84kB 0.6s done
#5 sha256:eed51f7b48cfd97dfccaca6e9172453c23a61383c3cbd8b7db4643cef6c1bc5b 0B / 2.00kB 0.8s
#5 sha256:1f630473117188fe348ebdcf0da5e93138275af14007f15baf79967a365e647a 2.10MB / 28.89MB 0.9s
#5 sha256:1f630473117188fe348ebdcf0da5e93138275af14007f15baf79967a365e647a 5.24MB / 28.89MB 1.3s
#5 sha256:eb1f509c8e504eee35bdf2f7a4cbcc4941d472d9a497b7f511c549dc7c5b8a4e 1.05MB / 3.56MB 1.3s
#5 sha256:eb1f509c8e504eee35bdf2f7a4cbcc4941d472d9a497b7f511c549dc7c5b8a4e 2.10MB / 3.56MB 1.5s
#5 sha256:eed51f7b48cfd97dfccaca6e9172453c23a61383c3cbd8b7db4643cef6c1bc5b 2.00kB / 2.00kB 1.3s done
#5 sha256:969caf6e5719f51692ea48756b21810e0471a7e3f778cd747e55d3becbd5e265 0B / 274B 1.5s
#5 sha256:1f630473117188fe348ebdcf0da5e93138275af14007f15baf79967a365e647a 7.34MB / 28.89MB 1.7s
#5 sha256:eb1f509c8e504eee35bdf2f7a4cbcc4941d472d9a497b7f511c549dc7c5b8a4e 3.15MB / 3.56MB 1.7s
#5 sha256:eb1f509c8e504eee35bdf2f7a4cbcc4941d472d9a497b7f511c549dc7c5b8a4e 3.56MB / 3.56MB 1.8s done
#5 sha256:1f630473117188fe348ebdcf0da5e93138275af14007f15baf79967a365e647a 9.44MB / 28.89MB 2.0s
#5 sha256:969caf6e5719f51692ea48756b21810e0471a7e3f778cd747e55d3becbd5e265 274B / 274B 2.0s
#5 sha256:f8a470154f77a7c7c7a8a312b42be914cf7ecbb022df4d1a56f2a705c6f7c296 0B / 118.56MB 2.0s
#5 sha256:969caf6e5719f51692ea48756b21810e0471a7e3f778cd747e55d3becbd5e265 274B / 274B 2.0s done
#5 sha256:58f32c28d2bd76edb76a580f3c3a6b856a2458d58b0121e6f53d0fd9ae25ed7a 0B / 196B 2.2s
#5 sha256:1f630473117188fe348ebdcf0da5e93138275af14007f15baf79967a365e647a 13.63MB / 28.89MB 2.4s
#5 sha256:58f32c28d2bd76edb76a580f3c3a6b856a2458d58b0121e6f53d0fd9ae25ed7a 196B / 196B 2.4s done
#5 sha256:1f630473117188fe348ebdcf0da5e93138275af14007f15baf79967a365e647a 15.73MB / 28.89MB 2.6s
#5 sha256:c5a81e7526c6717e3a3784ac0350096b998ef3a2c8f6afb474df8ecc5edd5d54 0B / 111.01MB 2.6s
#5 sha256:1f630473117188fe348ebdcf0da5e93138275af14007f15baf79967a365e647a 17.83MB / 28.89MB 3.0s
#5 sha256:1f630473117188fe348ebdcf0da5e93138275af14007f15baf79967a365e647a 19.92MB / 28.89MB 3.4s
#5 sha256:1f630473117188fe348ebdcf0da5e93138275af14007f15baf79967a365e647a 22.02MB / 28.89MB 3.7s
#5 sha256:1f630473117188fe348ebdcf0da5e93138275af14007f15baf79967a365e647a 24.12MB / 28.89MB 4.2s
#5 sha256:1f630473117188fe348ebdcf0da5e93138275af14007f15baf79967a365e647a 26.21MB / 28.89MB 4.7s
#5 sha256:c5a81e7526c6717e3a3784ac0350096b998ef3a2c8f6afb474df8ecc5edd5d54 6.29MB / 111.01MB 4.7s
#5 sha256:f8a470154f77a7c7c7a8a312b42be914cf7ecbb022df4d1a56f2a705c6f7c296 6.29MB / 118.56MB 5.1s
#5 sha256:1f630473117188fe348ebdcf0da5e93138275af14007f15baf79967a365e647a 28.89MB / 28.89MB 5.3s
#5 sha256:c5a81e7526c6717e3a3784ac0350096b998ef3a2c8f6afb474df8ecc5edd5d54 12.58MB / 111.01MB 6.2s
#5 sha256:f8a470154f77a7c7c7a8a312b42be914cf7ecbb022df4d1a56f2a705c6f7c296 12.58MB / 118.56MB 7.2s
#5 sha256:c5a81e7526c6717e3a3784ac0350096b998ef3a2c8f6afb474df8ecc5edd5d54 18.87MB / 111.01MB 7.2s
#5 sha256:1f630473117188fe348ebdcf0da5e93138275af14007f15baf79967a365e647a 28.89MB / 28.89MB 8.2s done
#5 sha256:c5a81e7526c6717e3a3784ac0350096b998ef3a2c8f6afb474df8ecc5edd5d54 25.17MB / 111.01MB 8.4s
#5 sha256:f8a470154f77a7c7c7a8a312b42be914cf7ecbb022df4d1a56f2a705c6f7c296 18.73MB / 118.56MB 9.9s
#5 sha256:c5a81e7526c6717e3a3784ac0350096b998ef3a2c8f6afb474df8ecc5edd5d54 32.51MB / 111.01MB 10.1s
#5 sha256:f8a470154f77a7c7c7a8a312b42be914cf7ecbb022df4d1a56f2a705c6f7c296 25.17MB / 118.56MB 10.7s
#5 sha256:58ec349f5ba39e540fe22af2831c2b179bbe40c23ae8798a8c86f2171d3e86c7 0B / 335.79kB 10.7s
#5 extracting sha256:1f630473117188fe348ebdcf0da5e93138275af14007f15baf79967a365e647a
#5 sha256:c5a81e7526c6717e3a3784ac0350096b998ef3a2c8f6afb474df8ecc5edd5d54 38.80MB / 111.01MB 11.1s
#5 sha256:58ec349f5ba39e540fe22af2831c2b179bbe40c23ae8798a8c86f2171d3e86c7 335.79kB / 335.79kB 11.4s
#5 sha256:f8a470154f77a7c7c7a8a312b42be914cf7ecbb022df4d1a56f2a705c6f7c296 31.46MB / 118.56MB 12.0s
#5 sha256:c5a81e7526c6717e3a3784ac0350096b998ef3a2c8f6afb474df8ecc5edd5d54 45.09MB / 111.01MB 12.1s
#5 sha256:f8a470154f77a7c7c7a8a312b42be914cf7ecbb022df4d1a56f2a705c6f7c296 37.75MB / 118.56MB 13.4s
#5 sha256:58ec349f5ba39e540fe22af2831c2b179bbe40c23ae8798a8c86f2171d3e86c7 335.79kB / 335.79kB 13.2s done
#5 sha256:c5a81e7526c6717e3a3784ac0350096b998ef3a2c8f6afb474df8ecc5edd5d54 52.43MB / 111.01MB 13.5s
#5 sha256:f8a470154f77a7c7c7a8a312b42be914cf7ecbb022df4d1a56f2a705c6f7c296 44.04MB / 118.56MB 15.2s
#5 sha256:c5a81e7526c6717e3a3784ac0350096b998ef3a2c8f6afb474df8ecc5edd5d54 58.72MB / 111.01MB 15.3s
#5 extracting sha256:1f630473117188fe348ebdcf0da5e93138275af14007f15baf79967a365e647a 5.0s
#5 sha256:ea745a61afb9f6ce2d1b29685e6841903e0500f14416f25e53ab542a1cde8289 0B / 2.44kB 15.8s
#5 sha256:f8a470154f77a7c7c7a8a312b42be914cf7ecbb022df4d1a56f2a705c6f7c296 50.33MB / 118.56MB 16.5s
#5 sha256:c5a81e7526c6717e3a3784ac0350096b998ef3a2c8f6afb474df8ecc5edd5d54 65.01MB / 111.01MB 16.5s
#5 sha256:ea745a61afb9f6ce2d1b29685e6841903e0500f14416f25e53ab542a1cde8289 2.44kB / 2.44kB 17.1s
#5 sha256:ea745a61afb9f6ce2d1b29685e6841903e0500f14416f25e53ab542a1cde8289 2.44kB / 2.44kB 17.1s done
#5 sha256:de4f40b71d213d5fd2cc076efa4c174931bea61b95e337e4b11264a38760b1f1 0B / 26.68MB 17.2s
#5 sha256:c5a81e7526c6717e3a3784ac0350096b998ef3a2c8f6afb474df8ecc5edd5d54 71.30MB / 111.01MB 17.4s
#5 sha256:f8a470154f77a7c7c7a8a312b42be914cf7ecbb022df4d1a56f2a705c6f7c296 56.62MB / 118.56MB 18.4s
#5 sha256:de4f40b71d213d5fd2cc076efa4c174931bea61b95e337e4b11264a38760b1f1 2.10MB / 26.68MB 18.6s
#5 sha256:c5a81e7526c6717e3a3784ac0350096b998ef3a2c8f6afb474df8ecc5edd5d54 77.59MB / 111.01MB 18.8s
#5 sha256:de4f40b71d213d5fd2cc076efa4c174931bea61b95e337e4b11264a38760b1f1 4.19MB / 26.68MB 19.4s
#5 sha256:de4f40b71d213d5fd2cc076efa4c174931bea61b95e337e4b11264a38760b1f1 6.29MB / 26.68MB 19.9s
#5 sha256:c5a81e7526c6717e3a3784ac0350096b998ef3a2c8f6afb474df8ecc5edd5d54 83.89MB / 111.01MB 20.1s
#5 sha256:f8a470154f77a7c7c7a8a312b42be914cf7ecbb022df4d1a56f2a705c6f7c296 62.91MB / 118.56MB 20.4s
#5 sha256:de4f40b71d213d5fd2cc076efa4c174931bea61b95e337e4b11264a38760b1f1 8.39MB / 26.68MB 20.8s
#5 extracting sha256:1f630473117188fe348ebdcf0da5e93138275af14007f15baf79967a365e647a 10.0s done
#5 sha256:de4f40b71d213d5fd2cc076efa4c174931bea61b95e337e4b11264a38760b1f1 10.49MB / 26.68MB 21.4s
#5 sha256:c5a81e7526c6717e3a3784ac0350096b998ef3a2c8f6afb474df8ecc5edd5d54 90.18MB / 111.01MB 21.6s
#5 sha256:f8a470154f77a7c7c7a8a312b42be914cf7ecbb022df4d1a56f2a705c6f7c296 70.25MB / 118.56MB 22.7s
#5 sha256:de4f40b71d213d5fd2cc076efa4c174931bea61b95e337e4b11264a38760b1f1 13.63MB / 26.68MB 22.7s
#5 extracting sha256:75906b0dbbabb024c7f890638530898ee5c0c44e20c5f9b2843574dc92ee4e4e
#5 sha256:c5a81e7526c6717e3a3784ac0350096b998ef3a2c8f6afb474df8ecc5edd5d54 96.47MB / 111.01MB 23.2s
#5 sha256:de4f40b71d213d5fd2cc076efa4c174931bea61b95e337e4b11264a38760b1f1 15.73MB / 26.68MB 23.2s
#5 extracting sha256:75906b0dbbabb024c7f890638530898ee5c0c44e20c5f9b2843574dc92ee4e4e 0.6s done
#5 sha256:de4f40b71d213d5fd2cc076efa4c174931bea61b95e337e4b11264a38760b1f1 17.83MB / 26.68MB 24.1s
#5 sha256:f8a470154f77a7c7c7a8a312b42be914cf7ecbb022df4d1a56f2a705c6f7c296 78.64MB / 118.56MB 24.9s
#5 sha256:c5a81e7526c6717e3a3784ac0350096b998ef3a2c8f6afb474df8ecc5edd5d54 102.76MB / 111.01MB 24.9s
#5 sha256:de4f40b71d213d5fd2cc076efa4c174931bea61b95e337e4b11264a38760b1f1 19.92MB / 26.68MB 24.9s
#5 sha256:de4f40b71d213d5fd2cc076efa4c174931bea61b95e337e4b11264a38760b1f1 22.02MB / 26.68MB 25.4s
#5 extracting sha256:eb1f509c8e504eee35bdf2f7a4cbcc4941d472d9a497b7f511c549dc7c5b8a4e
#5 extracting sha256:eb1f509c8e504eee35bdf2f7a4cbcc4941d472d9a497b7f511c549dc7c5b8a4e 0.4s done
#5 sha256:de4f40b71d213d5fd2cc076efa4c174931bea61b95e337e4b11264a38760b1f1 24.12MB / 26.68MB 26.2s
#5 extracting sha256:eed51f7b48cfd97dfccaca6e9172453c23a61383c3cbd8b7db4643cef6c1bc5b done
#5 sha256:c5a81e7526c6717e3a3784ac0350096b998ef3a2c8f6afb474df8ecc5edd5d54 109.05MB / 111.01MB 26.5s
#5 extracting sha256:969caf6e5719f51692ea48756b21810e0471a7e3f778cd747e55d3becbd5e265 done
#5 sha256:f8a470154f77a7c7c7a8a312b42be914cf7ecbb022df4d1a56f2a705c6f7c296 84.93MB / 118.56MB 26.6s
#5 sha256:de4f40b71d213d5fd2cc076efa4c174931bea61b95e337e4b11264a38760b1f1 26.21MB / 26.68MB 27.0s
#5 sha256:f8a470154f77a7c7c7a8a312b42be914cf7ecbb022df4d1a56f2a705c6f7c296 91.23MB / 118.56MB 27.9s
#5 sha256:f8a470154f77a7c7c7a8a312b42be914cf7ecbb022df4d1a56f2a705c6f7c296 97.52MB / 118.56MB 28.7s
#5 sha256:f8a470154f77a7c7c7a8a312b42be914cf7ecbb022df4d1a56f2a705c6f7c296 103.81MB / 118.56MB 29.4s
#5 sha256:f8a470154f77a7c7c7a8a312b42be914cf7ecbb022df4d1a56f2a705c6f7c296 110.10MB / 118.56MB 30.3s
#5 sha256:f8a470154f77a7c7c7a8a312b42be914cf7ecbb022df4d1a56f2a705c6f7c296 116.39MB / 118.56MB 31.0s
#5 sha256:c5a81e7526c6717e3a3784ac0350096b998ef3a2c8f6afb474df8ecc5edd5d54 111.01MB / 111.01MB 35.3s
#5 sha256:de4f40b71d213d5fd2cc076efa4c174931bea61b95e337e4b11264a38760b1f1 26.68MB / 26.68MB 35.3s
#5 sha256:f8a470154f77a7c7c7a8a312b42be914cf7ecbb022df4d1a56f2a705c6f7c296 118.56MB / 118.56MB 36.2s
#5 sha256:c5a81e7526c6717e3a3784ac0350096b998ef3a2c8f6afb474df8ecc5edd5d54 111.01MB / 111.01MB 40.4s
#5 sha256:de4f40b71d213d5fd2cc076efa4c174931bea61b95e337e4b11264a38760b1f1 26.68MB / 26.68MB 40.4s
#5 sha256:f8a470154f77a7c7c7a8a312b42be914cf7ecbb022df4d1a56f2a705c6f7c296 118.56MB / 118.56MB 41.3s
#5 sha256:c5a81e7526c6717e3a3784ac0350096b998ef3a2c8f6afb474df8ecc5edd5d54 111.01MB / 111.01MB 45.5s
#5 sha256:de4f40b71d213d5fd2cc076efa4c174931bea61b95e337e4b11264a38760b1f1 26.68MB / 26.68MB 45.5s
#5 sha256:f8a470154f77a7c7c7a8a312b42be914cf7ecbb022df4d1a56f2a705c6f7c296 118.56MB / 118.56MB 46.4s
#5 sha256:c5a81e7526c6717e3a3784ac0350096b998ef3a2c8f6afb474df8ecc5edd5d54 111.01MB / 111.01MB 50.6s
#5 sha256:de4f40b71d213d5fd2cc076efa4c174931bea61b95e337e4b11264a38760b1f1 26.68MB / 26.68MB 50.6s
#5 sha256:f8a470154f77a7c7c7a8a312b42be914cf7ecbb022df4d1a56f2a705c6f7c296 118.56MB / 118.56MB 53.4s
#5 sha256:f8a470154f77a7c7c7a8a312b42be914cf7ecbb022df4d1a56f2a705c6f7c296 118.56MB / 118.56MB 65.2s
#5 sha256:c5a81e7526c6717e3a3784ac0350096b998ef3a2c8f6afb474df8ecc5edd5d54 111.01MB / 111.01MB 65.2s
#5 sha256:de4f40b71d213d5fd2cc076efa4c174931bea61b95e337e4b11264a38760b1f1 26.68MB / 26.68MB 65.2s
#5 sha256:f8a470154f77a7c7c7a8a312b42be914cf7ecbb022df4d1a56f2a705c6f7c296 118.56MB / 118.56MB 70.3s
#5 sha256:c5a81e7526c6717e3a3784ac0350096b998ef3a2c8f6afb474df8ecc5edd5d54 111.01MB / 111.01MB 70.3s
#5 sha256:de4f40b71d213d5fd2cc076efa4c174931bea61b95e337e4b11264a38760b1f1 26.68MB / 26.68MB 70.3s
#5 sha256:f8a470154f77a7c7c7a8a312b42be914cf7ecbb022df4d1a56f2a705c6f7c296 118.56MB / 118.56MB 91.6s
#5 sha256:c5a81e7526c6717e3a3784ac0350096b998ef3a2c8f6afb474df8ecc5edd5d54 111.01MB / 111.01MB 91.6s
#5 sha256:de4f40b71d213d5fd2cc076efa4c174931bea61b95e337e4b11264a38760b1f1 26.68MB / 26.68MB 91.6s
#5 sha256:f8a470154f77a7c7c7a8a312b42be914cf7ecbb022df4d1a56f2a705c6f7c296 118.56MB / 118.56MB 96.6s
#5 sha256:c5a81e7526c6717e3a3784ac0350096b998ef3a2c8f6afb474df8ecc5edd5d54 111.01MB / 111.01MB 96.6s
#5 sha256:de4f40b71d213d5fd2cc076efa4c174931bea61b95e337e4b11264a38760b1f1 26.68MB / 26.68MB 96.6s
#5 sha256:f8a470154f77a7c7c7a8a312b42be914cf7ecbb022df4d1a56f2a705c6f7c296 118.56MB / 118.56MB 101.7s
#5 sha256:c5a81e7526c6717e3a3784ac0350096b998ef3a2c8f6afb474df8ecc5edd5d54 111.01MB / 111.01MB 101.7s
#5 sha256:de4f40b71d213d5fd2cc076efa4c174931bea61b95e337e4b11264a38760b1f1 26.68MB / 26.68MB 101.7s
#5 sha256:f8a470154f77a7c7c7a8a312b42be914cf7ecbb022df4d1a56f2a705c6f7c296 118.56MB / 118.56MB 106.8s
#5 sha256:c5a81e7526c6717e3a3784ac0350096b998ef3a2c8f6afb474df8ecc5edd5d54 111.01MB / 111.01MB 106.8s
#5 sha256:de4f40b71d213d5fd2cc076efa4c174931bea61b95e337e4b11264a38760b1f1 26.68MB / 26.68MB 106.8s
#5 sha256:f8a470154f77a7c7c7a8a312b42be914cf7ecbb022df4d1a56f2a705c6f7c296 118.56MB / 118.56MB 111.8s
#5 sha256:c5a81e7526c6717e3a3784ac0350096b998ef3a2c8f6afb474df8ecc5edd5d54 111.01MB / 111.01MB 111.8s
#5 sha256:de4f40b71d213d5fd2cc076efa4c174931bea61b95e337e4b11264a38760b1f1 26.68MB / 26.68MB 111.8s
#5 sha256:f8a470154f77a7c7c7a8a312b42be914cf7ecbb022df4d1a56f2a705c6f7c296 118.56MB / 118.56MB 147.4s
#5 sha256:c5a81e7526c6717e3a3784ac0350096b998ef3a2c8f6afb474df8ecc5edd5d54 111.01MB / 111.01MB 147.4s
#5 sha256:de4f40b71d213d5fd2cc076efa4c174931bea61b95e337e4b11264a38760b1f1 26.68MB / 26.68MB 147.4s
#5 sha256:f8a470154f77a7c7c7a8a312b42be914cf7ecbb022df4d1a56f2a705c6f7c296 118.56MB / 118.56MB 152.5s
#5 sha256:c5a81e7526c6717e3a3784ac0350096b998ef3a2c8f6afb474df8ecc5edd5d54 111.01MB / 111.01MB 152.5s
#5 sha256:de4f40b71d213d5fd2cc076efa4c174931bea61b95e337e4b11264a38760b1f1 26.68MB / 26.68MB 152.5s
#5 sha256:f8a470154f77a7c7c7a8a312b42be914cf7ecbb022df4d1a56f2a705c6f7c296 118.56MB / 118.56MB 157.5s
#5 sha256:c5a81e7526c6717e3a3784ac0350096b998ef3a2c8f6afb474df8ecc5edd5d54 111.01MB / 111.01MB 157.5s
#5 sha256:de4f40b71d213d5fd2cc076efa4c174931bea61b95e337e4b11264a38760b1f1 26.68MB / 26.68MB 157.5s
#5 sha256:f8a470154f77a7c7c7a8a312b42be914cf7ecbb022df4d1a56f2a705c6f7c296 118.56MB / 118.56MB 162.5s
#5 sha256:c5a81e7526c6717e3a3784ac0350096b998ef3a2c8f6afb474df8ecc5edd5d54 111.01MB / 111.01MB 162.5s
#5 sha256:de4f40b71d213d5fd2cc076efa4c174931bea61b95e337e4b11264a38760b1f1 26.68MB / 26.68MB 162.5s
#5 sha256:f8a470154f77a7c7c7a8a312b42be914cf7ecbb022df4d1a56f2a705c6f7c296 118.56MB / 118.56MB 167.6s
#5 sha256:c5a81e7526c6717e3a3784ac0350096b998ef3a2c8f6afb474df8ecc5edd5d54 111.01MB / 111.01MB 167.6s
#5 sha256:de4f40b71d213d5fd2cc076efa4c174931bea61b95e337e4b11264a38760b1f1 26.68MB / 26.68MB 167.6s
#5 sha256:f8a470154f77a7c7c7a8a312b42be914cf7ecbb022df4d1a56f2a705c6f7c296 118.56MB / 118.56MB 172.8s
#5 sha256:c5a81e7526c6717e3a3784ac0350096b998ef3a2c8f6afb474df8ecc5edd5d54 111.01MB / 111.01MB 172.8s
#5 sha256:de4f40b71d213d5fd2cc076efa4c174931bea61b95e337e4b11264a38760b1f1 26.68MB / 26.68MB 172.8s
#5 sha256:f8a470154f77a7c7c7a8a312b42be914cf7ecbb022df4d1a56f2a705c6f7c296 118.56MB / 118.56MB 218.9s
#5 sha256:de4f40b71d213d5fd2cc076efa4c174931bea61b95e337e4b11264a38760b1f1 26.68MB / 26.68MB 218.9s
#5 sha256:f8a470154f77a7c7c7a8a312b42be914cf7ecbb022df4d1a56f2a705c6f7c296 118.56MB / 118.56MB 224.0s
#5 sha256:de4f40b71d213d5fd2cc076efa4c174931bea61b95e337e4b11264a38760b1f1 26.68MB / 26.68MB 224.0s
#5 sha256:c5a81e7526c6717e3a3784ac0350096b998ef3a2c8f6afb474df8ecc5edd5d54 111.01MB / 111.01MB 218.9s done
#5 sha256:f8a470154f77a7c7c7a8a312b42be914cf7ecbb022df4d1a56f2a705c6f7c296 118.56MB / 118.56MB 229.2s
#5 sha256:de4f40b71d213d5fd2cc076efa4c174931bea61b95e337e4b11264a38760b1f1 26.68MB / 26.68MB 229.2s
#5 sha256:f8a470154f77a7c7c7a8a312b42be914cf7ecbb022df4d1a56f2a705c6f7c296 118.56MB / 118.56MB 234.3s
#5 sha256:de4f40b71d213d5fd2cc076efa4c174931bea61b95e337e4b11264a38760b1f1 26.68MB / 26.68MB 234.3s
#5 sha256:f8a470154f77a7c7c7a8a312b42be914cf7ecbb022df4d1a56f2a705c6f7c296 118.56MB / 118.56MB 239.5s
#5 sha256:de4f40b71d213d5fd2cc076efa4c174931bea61b95e337e4b11264a38760b1f1 26.68MB / 26.68MB 239.5s
#5 sha256:f8a470154f77a7c7c7a8a312b42be914cf7ecbb022df4d1a56f2a705c6f7c296 118.56MB / 118.56MB 244.6s
#5 sha256:de4f40b71d213d5fd2cc076efa4c174931bea61b95e337e4b11264a38760b1f1 26.68MB / 26.68MB 244.6s
#5 sha256:f8a470154f77a7c7c7a8a312b42be914cf7ecbb022df4d1a56f2a705c6f7c296 118.56MB / 118.56MB 249.7s
#5 sha256:de4f40b71d213d5fd2cc076efa4c174931bea61b95e337e4b11264a38760b1f1 26.68MB / 26.68MB 249.7s
#5 sha256:f8a470154f77a7c7c7a8a312b42be914cf7ecbb022df4d1a56f2a705c6f7c296 118.56MB / 118.56MB 254.9s
#5 sha256:de4f40b71d213d5fd2cc076efa4c174931bea61b95e337e4b11264a38760b1f1 26.68MB / 26.68MB 254.9s
#5 sha256:f8a470154f77a7c7c7a8a312b42be914cf7ecbb022df4d1a56f2a705c6f7c296 118.56MB / 118.56MB 259.9s
#5 sha256:de4f40b71d213d5fd2cc076efa4c174931bea61b95e337e4b11264a38760b1f1 26.68MB / 26.68MB 259.9s
#5 sha256:f8a470154f77a7c7c7a8a312b42be914cf7ecbb022df4d1a56f2a705c6f7c296 118.56MB / 118.56MB 265.0s
#5 sha256:de4f40b71d213d5fd2cc076efa4c174931bea61b95e337e4b11264a38760b1f1 26.68MB / 26.68MB 265.0s
#5 sha256:f8a470154f77a7c7c7a8a312b42be914cf7ecbb022df4d1a56f2a705c6f7c296 118.56MB / 118.56MB 300.0s
#5 sha256:de4f40b71d213d5fd2cc076efa4c174931bea61b95e337e4b11264a38760b1f1 26.68MB / 26.68MB 300.0s
#5 sha256:f8a470154f77a7c7c7a8a312b42be914cf7ecbb022df4d1a56f2a705c6f7c296 118.56MB / 118.56MB 305.1s
#5 sha256:de4f40b71d213d5fd2cc076efa4c174931bea61b95e337e4b11264a38760b1f1 26.68MB / 26.68MB 305.1s
#5 sha256:f8a470154f77a7c7c7a8a312b42be914cf7ecbb022df4d1a56f2a705c6f7c296 118.56MB / 118.56MB 348.7s
#5 sha256:de4f40b71d213d5fd2cc076efa4c174931bea61b95e337e4b11264a38760b1f1 26.68MB / 26.68MB 348.7s
#5 sha256:f8a470154f77a7c7c7a8a312b42be914cf7ecbb022df4d1a56f2a705c6f7c296 118.56MB / 118.56MB 353.7s
#5 sha256:de4f40b71d213d5fd2cc076efa4c174931bea61b95e337e4b11264a38760b1f1 26.68MB / 26.68MB 353.7s
#5 sha256:f8a470154f77a7c7c7a8a312b42be914cf7ecbb022df4d1a56f2a705c6f7c296 118.56MB / 118.56MB 358.8s
#5 sha256:de4f40b71d213d5fd2cc076efa4c174931bea61b95e337e4b11264a38760b1f1 26.68MB / 26.68MB 358.8s
#5 sha256:f8a470154f77a7c7c7a8a312b42be914cf7ecbb022df4d1a56f2a705c6f7c296 118.56MB / 118.56MB 363.9s
#5 sha256:de4f40b71d213d5fd2cc076efa4c174931bea61b95e337e4b11264a38760b1f1 26.68MB / 26.68MB 363.9s
#5 sha256:f8a470154f77a7c7c7a8a312b42be914cf7ecbb022df4d1a56f2a705c6f7c296 118.56MB / 118.56MB 368.9s
#5 sha256:de4f40b71d213d5fd2cc076efa4c174931bea61b95e337e4b11264a38760b1f1 26.68MB / 26.68MB 368.9s
#5 sha256:f8a470154f77a7c7c7a8a312b42be914cf7ecbb022df4d1a56f2a705c6f7c296 118.56MB / 118.56MB 373.9s
#5 sha256:de4f40b71d213d5fd2cc076efa4c174931bea61b95e337e4b11264a38760b1f1 26.68MB / 26.68MB 373.9s
#5 sha256:f8a470154f77a7c7c7a8a312b42be914cf7ecbb022df4d1a56f2a705c6f7c296 118.56MB / 118.56MB 379.0s
#5 sha256:de4f40b71d213d5fd2cc076efa4c174931bea61b95e337e4b11264a38760b1f1 26.68MB / 26.68MB 379.0s
#5 sha256:f8a470154f77a7c7c7a8a312b42be914cf7ecbb022df4d1a56f2a705c6f7c296 118.56MB / 118.56MB 384.2s
#5 sha256:de4f40b71d213d5fd2cc076efa4c174931bea61b95e337e4b11264a38760b1f1 26.68MB / 26.68MB 384.2s
#5 sha256:f8a470154f77a7c7c7a8a312b42be914cf7ecbb022df4d1a56f2a705c6f7c296 118.56MB / 118.56MB 389.3s
#5 sha256:de4f40b71d213d5fd2cc076efa4c174931bea61b95e337e4b11264a38760b1f1 26.68MB / 26.68MB 389.3s
#5 sha256:f8a470154f77a7c7c7a8a312b42be914cf7ecbb022df4d1a56f2a705c6f7c296 118.56MB / 118.56MB 394.4s
#5 sha256:de4f40b71d213d5fd2cc076efa4c174931bea61b95e337e4b11264a38760b1f1 26.68MB / 26.68MB 394.4s
#5 sha256:f8a470154f77a7c7c7a8a312b42be914cf7ecbb022df4d1a56f2a705c6f7c296 118.56MB / 118.56MB 412.3s
#5 sha256:de4f40b71d213d5fd2cc076efa4c174931bea61b95e337e4b11264a38760b1f1 26.68MB / 26.68MB 412.3s
#5 sha256:f8a470154f77a7c7c7a8a312b42be914cf7ecbb022df4d1a56f2a705c6f7c296 118.56MB / 118.56MB 422.5s
#5 sha256:de4f40b71d213d5fd2cc076efa4c174931bea61b95e337e4b11264a38760b1f1 26.68MB / 26.68MB 422.5s
#5 sha256:f8a470154f77a7c7c7a8a312b42be914cf7ecbb022df4d1a56f2a705c6f7c296 118.56MB / 118.56MB 471.3s
#5 sha256:de4f40b71d213d5fd2cc076efa4c174931bea61b95e337e4b11264a38760b1f1 26.68MB / 26.68MB 471.3s done
#5 sha256:f8a470154f77a7c7c7a8a312b42be914cf7ecbb022df4d1a56f2a705c6f7c296 118.56MB / 118.56MB 476.5s
#5 sha256:f8a470154f77a7c7c7a8a312b42be914cf7ecbb022df4d1a56f2a705c6f7c296 118.56MB / 118.56MB 481.5s
#5 sha256:f8a470154f77a7c7c7a8a312b42be914cf7ecbb022df4d1a56f2a705c6f7c296 118.56MB / 118.56MB 486.7s
#5 sha256:f8a470154f77a7c7c7a8a312b42be914cf7ecbb022df4d1a56f2a705c6f7c296 118.56MB / 118.56MB 491.8s
#5 sha256:f8a470154f77a7c7c7a8a312b42be914cf7ecbb022df4d1a56f2a705c6f7c296 118.56MB / 118.56MB 496.9s
#5 sha256:f8a470154f77a7c7c7a8a312b42be914cf7ecbb022df4d1a56f2a705c6f7c296 118.56MB / 118.56MB 502.0s
#5 sha256:f8a470154f77a7c7c7a8a312b42be914cf7ecbb022df4d1a56f2a705c6f7c296 118.56MB / 118.56MB 507.1s
#5 sha256:f8a470154f77a7c7c7a8a312b42be914cf7ecbb022df4d1a56f2a705c6f7c296 118.56MB / 118.56MB 512.1s
#5 sha256:f8a470154f77a7c7c7a8a312b42be914cf7ecbb022df4d1a56f2a705c6f7c296 118.56MB / 118.56MB 530.3s
#5 sha256:f8a470154f77a7c7c7a8a312b42be914cf7ecbb022df4d1a56f2a705c6f7c296 118.56MB / 118.56MB 570.7s
#5 sha256:f8a470154f77a7c7c7a8a312b42be914cf7ecbb022df4d1a56f2a705c6f7c296 118.56MB / 118.56MB 575.8s
#5 sha256:f8a470154f77a7c7c7a8a312b42be914cf7ecbb022df4d1a56f2a705c6f7c296 118.56MB / 118.56MB 580.9s
#5 sha256:f8a470154f77a7c7c7a8a312b42be914cf7ecbb022df4d1a56f2a705c6f7c296 118.56MB / 118.56MB 585.9s
#5 sha256:f8a470154f77a7c7c7a8a312b42be914cf7ecbb022df4d1a56f2a705c6f7c296 118.56MB / 118.56MB 591.1s
#5 sha256:f8a470154f77a7c7c7a8a312b42be914cf7ecbb022df4d1a56f2a705c6f7c296 118.56MB / 118.56MB 596.3s
#5 sha256:f8a470154f77a7c7c7a8a312b42be914cf7ecbb022df4d1a56f2a705c6f7c296 118.56MB / 118.56MB 601.4s
#5 sha256:f8a470154f77a7c7c7a8a312b42be914cf7ecbb022df4d1a56f2a705c6f7c296 118.56MB / 118.56MB 606.4s
#5 sha256:f8a470154f77a7c7c7a8a312b42be914cf7ecbb022df4d1a56f2a705c6f7c296 118.56MB / 118.56MB 611.6s
#5 sha256:f8a470154f77a7c7c7a8a312b42be914cf7ecbb022df4d1a56f2a705c6f7c296 118.56MB / 118.56MB 616.6s
#5 sha256:f8a470154f77a7c7c7a8a312b42be914cf7ecbb022df4d1a56f2a705c6f7c296 118.56MB / 118.56MB 621.7s
#5 sha256:f8a470154f77a7c7c7a8a312b42be914cf7ecbb022df4d1a56f2a705c6f7c296 118.56MB / 118.56MB 626.8s
#5 sha256:f8a470154f77a7c7c7a8a312b42be914cf7ecbb022df4d1a56f2a705c6f7c296 118.56MB / 118.56MB 631.9s
#5 sha256:f8a470154f77a7c7c7a8a312b42be914cf7ecbb022df4d1a56f2a705c6f7c296 118.56MB / 118.56MB 637.0s
#5 sha256:f8a470154f77a7c7c7a8a312b42be914cf7ecbb022df4d1a56f2a705c6f7c296 118.56MB / 118.56MB 642.1s
#5 sha256:f8a470154f77a7c7c7a8a312b42be914cf7ecbb022df4d1a56f2a705c6f7c296 118.56MB / 118.56MB 647.1s
#5 sha256:f8a470154f77a7c7c7a8a312b42be914cf7ecbb022df4d1a56f2a705c6f7c296 118.56MB / 118.56MB 654.6s
#5 sha256:f8a470154f77a7c7c7a8a312b42be914cf7ecbb022df4d1a56f2a705c6f7c296 118.56MB / 118.56MB 659.7s
#5 sha256:f8a470154f77a7c7c7a8a312b42be914cf7ecbb022df4d1a56f2a705c6f7c296 118.56MB / 118.56MB 688.0s
#5 sha256:f8a470154f77a7c7c7a8a312b42be914cf7ecbb022df4d1a56f2a705c6f7c296 118.56MB / 118.56MB 693.0s
#5 sha256:f8a470154f77a7c7c7a8a312b42be914cf7ecbb022df4d1a56f2a705c6f7c296 118.56MB / 118.56MB 698.1s
#5 sha256:f8a470154f77a7c7c7a8a312b42be914cf7ecbb022df4d1a56f2a705c6f7c296 118.56MB / 118.56MB 706.2s
#5 sha256:f8a470154f77a7c7c7a8a312b42be914cf7ecbb022df4d1a56f2a705c6f7c296 118.56MB / 118.56MB 711.2s
#5 sha256:f8a470154f77a7c7c7a8a312b42be914cf7ecbb022df4d1a56f2a705c6f7c296 118.56MB / 118.56MB 716.3s
#5 sha256:f8a470154f77a7c7c7a8a312b42be914cf7ecbb022df4d1a56f2a705c6f7c296 118.56MB / 118.56MB 720.2s done
#5 extracting sha256:f8a470154f77a7c7c7a8a312b42be914cf7ecbb022df4d1a56f2a705c6f7c296
#5 extracting sha256:f8a470154f77a7c7c7a8a312b42be914cf7ecbb022df4d1a56f2a705c6f7c296 10.1s
#5 extracting sha256:f8a470154f77a7c7c7a8a312b42be914cf7ecbb022df4d1a56f2a705c6f7c296 31.2s
#5 extracting sha256:f8a470154f77a7c7c7a8a312b42be914cf7ecbb022df4d1a56f2a705c6f7c296 36.3s
#5 extracting sha256:f8a470154f77a7c7c7a8a312b42be914cf7ecbb022df4d1a56f2a705c6f7c296 45.7s
#5 extracting sha256:f8a470154f77a7c7c7a8a312b42be914cf7ecbb022df4d1a56f2a705c6f7c296 52.8s
#5 extracting sha256:f8a470154f77a7c7c7a8a312b42be914cf7ecbb022df4d1a56f2a705c6f7c296 58.8s
#5 extracting sha256:f8a470154f77a7c7c7a8a312b42be914cf7ecbb022df4d1a56f2a705c6f7c296 63.8s
#5 extracting sha256:f8a470154f77a7c7c7a8a312b42be914cf7ecbb022df4d1a56f2a705c6f7c296 69.1s
#5 extracting sha256:f8a470154f77a7c7c7a8a312b42be914cf7ecbb022df4d1a56f2a705c6f7c296 74.1s
#5 extracting sha256:f8a470154f77a7c7c7a8a312b42be914cf7ecbb022df4d1a56f2a705c6f7c296 79.2s
#5 extracting sha256:f8a470154f77a7c7c7a8a312b42be914cf7ecbb022df4d1a56f2a705c6f7c296 80.4s done
